<?xml version="1.0" encoding="UTF-8"?>
<robot generator="Robot 7.3.2 (Python 3.14.0 on win32)" generated="2025-11-10T18:59:22.828314" rpa="false" schemaversion="5">
<suite id="s1" name="Test" source="C:\Users\Acon08\Documents\LLEAP-Assignment\test.robot">
<kw name="Run Keywords" owner="BuiltIn" type="SETUP">
<kw name="Start Sikuli Process" owner="SikuliLibrary">
<msg time="2025-11-10T18:59:22.866250" level="INFO">Starting process:
java -jar C:\Users\Acon08\AppData\Local\Programs\Python\Python314\Lib\site-packages\SikuliLibrary\lib\SikuliLibrary.jar 41975 C:\Users\Acon08\Documents\LLEAP-Assignment\robotmetrics</msg>
<msg time="2025-11-10T18:59:22.871611" level="INFO">Start sikuli java process on port 41975</msg>
<msg time="2025-11-10T18:59:23.451910" level="INFO">Sikuli java process is started</msg>
<status status="PASS" start="2025-11-10T18:59:22.862214" elapsed="3.163045"/>
</kw>
<kw name="AND Read Image From Path">
<kw name="Add Image Path" owner="SikuliLibrary">
<arg>${IMAGE_PATH}</arg>
<doc>Add image path</doc>
<status status="PASS" start="2025-11-10T18:59:26.025728" elapsed="0.009516"/>
</kw>
<status status="PASS" start="2025-11-10T18:59:26.025551" elapsed="0.009780"/>
</kw>
<kw name="AND Open LLEAP App">
<kw name="Open Application" owner="SikuliLibrary">
<arg>${APP_LOCATION}</arg>
<doc>Open application
 To open app with parameters, refer:
 https://sikulix-2014.readthedocs.io/en/latest/appclass.html#App.App</doc>
<status status="PASS" start="2025-11-10T18:59:26.035668" elapsed="1.338056"/>
</kw>
<status status="PASS" start="2025-11-10T18:59:26.035481" elapsed="1.338404"/>
</kw>
<arg>Start Sikuli Process</arg>
<arg>AND Read Image From Path</arg>
<arg>AND Open LLEAP App</arg>
<doc>Executes all the given keywords in a sequence.</doc>
<status status="PASS" start="2025-11-10T18:59:22.862057" elapsed="4.511900"/>
</kw>
<test id="s1-t1" name="Test 1" line="37">
<kw name="Deleting User Config File">
<kw name="Start Process" owner="Process">
<msg time="2025-11-10T18:59:27.375184" level="INFO">Starting process:
C:\Users\Acon08\Documents\LLEAP-Assignment/script.bat</msg>
<arg>C:\\Users\\Acon08\\Documents\\LLEAP-Assignment/script.bat</arg>
<doc>Starts a new process on background.</doc>
<status status="PASS" start="2025-11-10T18:59:27.374974" elapsed="0.007675"/>
</kw>
<status status="PASS" start="2025-11-10T18:59:27.374678" elapsed="0.008068"/>
</kw>
<kw name="Navigate Buttons">
<kw name="Set Ocr Text Read" owner="SikuliLibrary">
<arg>LLEAP - Instructor Application</arg>
<doc>OCR text read
If needed use Set OCR Language before.`
Default language : English (eng).</doc>
<status status="PASS" start="2025-11-10T18:59:27.383237" elapsed="0.003889"/>
</kw>
<kw name="Click Text" owner="SikuliLibrary">
<msg time="2025-11-10T18:59:28.953753" level="INFO" html="true">&lt;img src='sikuli_captured/sikuliximage-1762797568703.png'/&gt;</msg>
<msg time="2025-11-10T18:59:28.953870" level="FAIL">com.github.rainmanwy.robotframework.sikulilib.exceptions.ScreenOperationException: Click text 'LLEAP - Instructor Application' failed with findWord method</msg>
<arg>LLEAP - Instructor Application</arg>
<doc>Click Text</doc>
<status status="FAIL" start="2025-11-10T18:59:27.387358" elapsed="1.566549">com.github.rainmanwy.robotframework.sikulilib.exceptions.ScreenOperationException: Click text 'LLEAP - Instructor Application' failed with findWord method</status>
</kw>
<status status="FAIL" start="2025-11-10T18:59:27.383005" elapsed="1.571009">com.github.rainmanwy.robotframework.sikulilib.exceptions.ScreenOperationException: Click text 'LLEAP - Instructor Application' failed with findWord method</status>
</kw>
<status status="FAIL" start="2025-11-10T18:59:27.374067" elapsed="1.580194">com.github.rainmanwy.robotframework.sikulilib.exceptions.ScreenOperationException: Click text 'LLEAP - Instructor Application' failed with findWord method</status>
</test>
<kw name="Stop Remote Server" owner="SikuliLibrary" type="TEARDOWN">
<msg time="2025-11-10T18:59:28.957937" level="INFO">Robot Framework remote server stopping</msg>
<doc>Stops the remote server.</doc>
<status status="PASS" start="2025-11-10T18:59:28.954961" elapsed="0.003022"/>
</kw>
<doc>This is just a test</doc>
<status status="FAIL" start="2025-11-10T18:59:22.829336" elapsed="6.128681"/>
</suite>
<statistics>
<total>
<stat pass="0" fail="1" skip="0">All Tests</stat>
</total>
<tag>
</tag>
<suite>
<stat name="Test" id="s1" pass="0" fail="1" skip="0">Test</stat>
</suite>
</statistics>
<errors>
</errors>
</robot>
